2019-09-01 02:08:42 error: UnauthorizedError: Invalid credentials
    at start (/home/furi/Development/broland-api/src/api/components/server/controller.js:21:10)
    at Layer.handle [as handle_request] (/home/furi/Development/broland-api/node_modules/express/lib/router/layer.js:95:5)
    at next (/home/furi/Development/broland-api/node_modules/express/lib/router/route.js:137:13)
    at Object.<anonymous> (/home/furi/Development/broland-api/node_modules/express-validator/src/middlewares/check.js:23:13)
    at Generator.next (<anonymous>)
    at fulfilled (/home/furi/Development/broland-api/node_modules/express-validator/src/middlewares/check.js:4:58)
    at processTicksAndRejections (internal/process/task_queues.js:85:5)
2019-09-01 02:09:52 error: UnauthorizedError: Invalid credentials
    at start (/home/furi/Development/broland-api/src/api/components/server/controller.js:21:10)
    at Layer.handle [as handle_request] (/home/furi/Development/broland-api/node_modules/express/lib/router/layer.js:95:5)
    at next (/home/furi/Development/broland-api/node_modules/express/lib/router/route.js:137:13)
    at Object.<anonymous> (/home/furi/Development/broland-api/node_modules/express-validator/src/middlewares/check.js:23:13)
    at Generator.next (<anonymous>)
    at fulfilled (/home/furi/Development/broland-api/node_modules/express-validator/src/middlewares/check.js:4:58)
    at processTicksAndRejections (internal/process/task_queues.js:85:5)
2019-09-01 02:16:21 error: UnauthorizedError: Invalid credentials
    at start (/home/furi/Development/broland-api/src/api/components/server/controller.js:21:10)
    at Layer.handle [as handle_request] (/home/furi/Development/broland-api/node_modules/express/lib/router/layer.js:95:5)
    at next (/home/furi/Development/broland-api/node_modules/express/lib/router/route.js:137:13)
    at Object.<anonymous> (/home/furi/Development/broland-api/node_modules/express-validator/src/middlewares/check.js:23:13)
    at Generator.next (<anonymous>)
    at fulfilled (/home/furi/Development/broland-api/node_modules/express-validator/src/middlewares/check.js:4:58)
    at processTicksAndRejections (internal/process/task_queues.js:85:5)
2019-09-01 02:16:50 error: UnauthorizedError: Invalid credentials
    at start (/home/furi/Development/broland-api/src/api/components/server/controller.js:21:10)
    at Layer.handle [as handle_request] (/home/furi/Development/broland-api/node_modules/express/lib/router/layer.js:95:5)
    at next (/home/furi/Development/broland-api/node_modules/express/lib/router/route.js:137:13)
    at Object.<anonymous> (/home/furi/Development/broland-api/node_modules/express-validator/src/middlewares/check.js:23:13)
    at Generator.next (<anonymous>)
    at fulfilled (/home/furi/Development/broland-api/node_modules/express-validator/src/middlewares/check.js:4:58)
    at processTicksAndRejections (internal/process/task_queues.js:85:5)
2019-09-01 02:16:52 error: UnauthorizedError: Invalid credentials
    at start (/home/furi/Development/broland-api/src/api/components/server/controller.js:21:10)
    at Layer.handle [as handle_request] (/home/furi/Development/broland-api/node_modules/express/lib/router/layer.js:95:5)
    at next (/home/furi/Development/broland-api/node_modules/express/lib/router/route.js:137:13)
    at Object.<anonymous> (/home/furi/Development/broland-api/node_modules/express-validator/src/middlewares/check.js:23:13)
    at Generator.next (<anonymous>)
    at fulfilled (/home/furi/Development/broland-api/node_modules/express-validator/src/middlewares/check.js:4:58)
    at processTicksAndRejections (internal/process/task_queues.js:85:5)
2019-09-01 02:17:06 error: Error: Invalid credentials
    at start (/home/furi/Development/broland-api/src/api/components/server/controller.js:21:10)
    at Layer.handle [as handle_request] (/home/furi/Development/broland-api/node_modules/express/lib/router/layer.js:95:5)
    at next (/home/furi/Development/broland-api/node_modules/express/lib/router/route.js:137:13)
    at Object.<anonymous> (/home/furi/Development/broland-api/node_modules/express-validator/src/middlewares/check.js:23:13)
    at Generator.next (<anonymous>)
    at fulfilled (/home/furi/Development/broland-api/node_modules/express-validator/src/middlewares/check.js:4:58)
    at processTicksAndRejections (internal/process/task_queues.js:85:5)
2019-09-01 02:17:23 error: UnauthorizedError: Invalid credentials
    at start (/home/furi/Development/broland-api/src/api/components/server/controller.js:21:10)
    at Layer.handle [as handle_request] (/home/furi/Development/broland-api/node_modules/express/lib/router/layer.js:95:5)
    at next (/home/furi/Development/broland-api/node_modules/express/lib/router/route.js:137:13)
    at Object.<anonymous> (/home/furi/Development/broland-api/node_modules/express-validator/src/middlewares/check.js:23:13)
    at Generator.next (<anonymous>)
    at fulfilled (/home/furi/Development/broland-api/node_modules/express-validator/src/middlewares/check.js:4:58)
    at processTicksAndRejections (internal/process/task_queues.js:85:5)
2019-09-01 02:17:24 error: UnauthorizedError: Invalid credentials
    at start (/home/furi/Development/broland-api/src/api/components/server/controller.js:21:10)
    at Layer.handle [as handle_request] (/home/furi/Development/broland-api/node_modules/express/lib/router/layer.js:95:5)
    at next (/home/furi/Development/broland-api/node_modules/express/lib/router/route.js:137:13)
    at Object.<anonymous> (/home/furi/Development/broland-api/node_modules/express-validator/src/middlewares/check.js:23:13)
    at Generator.next (<anonymous>)
    at fulfilled (/home/furi/Development/broland-api/node_modules/express-validator/src/middlewares/check.js:4:58)
    at processTicksAndRejections (internal/process/task_queues.js:85:5)
2019-09-01 02:17:51 error: UnauthorizedError: Invalid credentials
    at start (/home/furi/Development/broland-api/src/api/components/server/controller.js:22:10)
    at Layer.handle [as handle_request] (/home/furi/Development/broland-api/node_modules/express/lib/router/layer.js:95:5)
    at next (/home/furi/Development/broland-api/node_modules/express/lib/router/route.js:137:13)
    at Object.<anonymous> (/home/furi/Development/broland-api/node_modules/express-validator/src/middlewares/check.js:23:13)
    at Generator.next (<anonymous>)
    at fulfilled (/home/furi/Development/broland-api/node_modules/express-validator/src/middlewares/check.js:4:58)
    at processTicksAndRejections (internal/process/task_queues.js:85:5)
2019-09-01 02:18:35 error: UnauthorizedError: Invalid credentials
    at start (/home/furi/Development/broland-api/src/api/components/server/controller.js:22:10)
    at Layer.handle [as handle_request] (/home/furi/Development/broland-api/node_modules/express/lib/router/layer.js:95:5)
    at next (/home/furi/Development/broland-api/node_modules/express/lib/router/route.js:137:13)
    at Object.<anonymous> (/home/furi/Development/broland-api/node_modules/express-validator/src/middlewares/check.js:23:13)
    at Generator.next (<anonymous>)
    at fulfilled (/home/furi/Development/broland-api/node_modules/express-validator/src/middlewares/check.js:4:58)
    at processTicksAndRejections (internal/process/task_queues.js:85:5)
2019-09-01 02:24:58 error: UnprocessableEntityError: [object Object],[object Object]
    at start (/home/furi/Development/broland-api/src/api/components/server/controller.js:22:31)
    at Layer.handle [as handle_request] (/home/furi/Development/broland-api/node_modules/express/lib/router/layer.js:95:5)
    at next (/home/furi/Development/broland-api/node_modules/express/lib/router/route.js:137:13)
    at Object.<anonymous> (/home/furi/Development/broland-api/node_modules/express-validator/src/middlewares/check.js:23:13)
    at Generator.next (<anonymous>)
    at fulfilled (/home/furi/Development/broland-api/node_modules/express-validator/src/middlewares/check.js:4:58)
    at processTicksAndRejections (internal/process/task_queues.js:85:5)
2019-09-01 02:30:07 error: UnauthorizedError: Invalid credentials
    at start (/home/furi/Development/broland-api/src/api/components/server/controller.js:22:10)
    at Layer.handle [as handle_request] (/home/furi/Development/broland-api/node_modules/express/lib/router/layer.js:95:5)
    at next (/home/furi/Development/broland-api/node_modules/express/lib/router/route.js:137:13)
    at Object.<anonymous> (/home/furi/Development/broland-api/node_modules/express-validator/src/middlewares/check.js:23:13)
    at Generator.next (<anonymous>)
    at fulfilled (/home/furi/Development/broland-api/node_modules/express-validator/src/middlewares/check.js:4:58)
    at processTicksAndRejections (internal/process/task_queues.js:85:5)
2019-09-01 02:30:08 error: UnauthorizedError: Invalid credentials
    at start (/home/furi/Development/broland-api/src/api/components/server/controller.js:22:10)
    at Layer.handle [as handle_request] (/home/furi/Development/broland-api/node_modules/express/lib/router/layer.js:95:5)
    at next (/home/furi/Development/broland-api/node_modules/express/lib/router/route.js:137:13)
    at Object.<anonymous> (/home/furi/Development/broland-api/node_modules/express-validator/src/middlewares/check.js:23:13)
    at Generator.next (<anonymous>)
    at fulfilled (/home/furi/Development/broland-api/node_modules/express-validator/src/middlewares/check.js:4:58)
    at processTicksAndRejections (internal/process/task_queues.js:85:5)
2019-09-01 02:35:34 error: UnauthorizedError: Invalid credentials
    at start (/home/furi/Development/broland-api/src/api/components/server/controller.js:22:10)
    at Layer.handle [as handle_request] (/home/furi/Development/broland-api/node_modules/express/lib/router/layer.js:95:5)
    at next (/home/furi/Development/broland-api/node_modules/express/lib/router/route.js:137:13)
    at Object.<anonymous> (/home/furi/Development/broland-api/node_modules/express-validator/src/middlewares/check.js:23:13)
    at Generator.next (<anonymous>)
    at fulfilled (/home/furi/Development/broland-api/node_modules/express-validator/src/middlewares/check.js:4:58)
    at processTicksAndRejections (internal/process/task_queues.js:85:5)
2019-09-01 02:37:25 error: UnprocessableEntityError: [object Object],[object Object]
    at validateRequest (/home/furi/Development/broland-api/src/services/helpers/utility.js:17:31)
    at start (/home/furi/Development/broland-api/src/api/components/server/controller.js:22:3)
    at Layer.handle [as handle_request] (/home/furi/Development/broland-api/node_modules/express/lib/router/layer.js:95:5)
    at next (/home/furi/Development/broland-api/node_modules/express/lib/router/route.js:137:13)
    at Object.<anonymous> (/home/furi/Development/broland-api/node_modules/express-validator/src/middlewares/check.js:23:13)
    at Generator.next (<anonymous>)
    at fulfilled (/home/furi/Development/broland-api/node_modules/express-validator/src/middlewares/check.js:4:58)
    at processTicksAndRejections (internal/process/task_queues.js:85:5)
2019-09-01 02:37:27 error: UnprocessableEntityError: [object Object],[object Object]
    at validateRequest (/home/furi/Development/broland-api/src/services/helpers/utility.js:17:31)
    at start (/home/furi/Development/broland-api/src/api/components/server/controller.js:22:3)
    at Layer.handle [as handle_request] (/home/furi/Development/broland-api/node_modules/express/lib/router/layer.js:95:5)
    at next (/home/furi/Development/broland-api/node_modules/express/lib/router/route.js:137:13)
    at Object.<anonymous> (/home/furi/Development/broland-api/node_modules/express-validator/src/middlewares/check.js:23:13)
    at Generator.next (<anonymous>)
    at fulfilled (/home/furi/Development/broland-api/node_modules/express-validator/src/middlewares/check.js:4:58)
    at processTicksAndRejections (internal/process/task_queues.js:85:5)
2019-09-01 02:37:52 error: UnprocessableEntityError: [object Object],[object Object]
    at validateRequest (/home/furi/Development/broland-api/src/services/helpers/utility.js:17:31)
    at start (/home/furi/Development/broland-api/src/api/components/server/controller.js:22:3)
    at Layer.handle [as handle_request] (/home/furi/Development/broland-api/node_modules/express/lib/router/layer.js:95:5)
    at next (/home/furi/Development/broland-api/node_modules/express/lib/router/route.js:137:13)
    at Object.<anonymous> (/home/furi/Development/broland-api/node_modules/express-validator/src/middlewares/check.js:23:13)
    at Generator.next (<anonymous>)
    at fulfilled (/home/furi/Development/broland-api/node_modules/express-validator/src/middlewares/check.js:4:58)
    at processTicksAndRejections (internal/process/task_queues.js:85:5)
2019-09-01 02:37:59 error: UnprocessableEntityError: [object Object]
    at validateRequest (/home/furi/Development/broland-api/src/services/helpers/utility.js:17:31)
    at start (/home/furi/Development/broland-api/src/api/components/server/controller.js:22:3)
    at Layer.handle [as handle_request] (/home/furi/Development/broland-api/node_modules/express/lib/router/layer.js:95:5)
    at next (/home/furi/Development/broland-api/node_modules/express/lib/router/route.js:137:13)
    at Object.<anonymous> (/home/furi/Development/broland-api/node_modules/express-validator/src/middlewares/check.js:23:13)
    at Generator.next (<anonymous>)
    at fulfilled (/home/furi/Development/broland-api/node_modules/express-validator/src/middlewares/check.js:4:58)
    at processTicksAndRejections (internal/process/task_queues.js:85:5)
2019-09-01 02:38:02 error: UnprocessableEntityError: [object Object],[object Object]
    at validateRequest (/home/furi/Development/broland-api/src/services/helpers/utility.js:17:31)
    at start (/home/furi/Development/broland-api/src/api/components/server/controller.js:22:3)
    at Layer.handle [as handle_request] (/home/furi/Development/broland-api/node_modules/express/lib/router/layer.js:95:5)
    at next (/home/furi/Development/broland-api/node_modules/express/lib/router/route.js:137:13)
    at Object.<anonymous> (/home/furi/Development/broland-api/node_modules/express-validator/src/middlewares/check.js:23:13)
    at Generator.next (<anonymous>)
    at fulfilled (/home/furi/Development/broland-api/node_modules/express-validator/src/middlewares/check.js:4:58)
    at processTicksAndRejections (internal/process/task_queues.js:85:5)
2019-09-01 02:38:17 error: UnprocessableEntityError: [object Object]
    at validateRequest (/home/furi/Development/broland-api/src/services/helpers/utility.js:17:31)
    at start (/home/furi/Development/broland-api/src/api/components/server/controller.js:22:3)
    at Layer.handle [as handle_request] (/home/furi/Development/broland-api/node_modules/express/lib/router/layer.js:95:5)
    at next (/home/furi/Development/broland-api/node_modules/express/lib/router/route.js:137:13)
    at Object.<anonymous> (/home/furi/Development/broland-api/node_modules/express-validator/src/middlewares/check.js:23:13)
    at Generator.next (<anonymous>)
    at fulfilled (/home/furi/Development/broland-api/node_modules/express-validator/src/middlewares/check.js:4:58)
    at processTicksAndRejections (internal/process/task_queues.js:85:5)
2019-09-01 02:38:34 error: UnauthorizedError: Invalid credentials
    at start (/home/furi/Development/broland-api/src/api/components/server/controller.js:24:10)
    at Layer.handle [as handle_request] (/home/furi/Development/broland-api/node_modules/express/lib/router/layer.js:95:5)
    at next (/home/furi/Development/broland-api/node_modules/express/lib/router/route.js:137:13)
    at Object.<anonymous> (/home/furi/Development/broland-api/node_modules/express-validator/src/middlewares/check.js:23:13)
    at Generator.next (<anonymous>)
    at fulfilled (/home/furi/Development/broland-api/node_modules/express-validator/src/middlewares/check.js:4:58)
    at processTicksAndRejections (internal/process/task_queues.js:85:5)
2019-09-01 02:38:44 error: UnauthorizedError: Invalid credentials
    at start (/home/furi/Development/broland-api/src/api/components/server/controller.js:24:10)
    at Layer.handle [as handle_request] (/home/furi/Development/broland-api/node_modules/express/lib/router/layer.js:95:5)
    at next (/home/furi/Development/broland-api/node_modules/express/lib/router/route.js:137:13)
    at Object.<anonymous> (/home/furi/Development/broland-api/node_modules/express-validator/src/middlewares/check.js:23:13)
    at Generator.next (<anonymous>)
    at fulfilled (/home/furi/Development/broland-api/node_modules/express-validator/src/middlewares/check.js:4:58)
    at processTicksAndRejections (internal/process/task_queues.js:85:5)
2019-09-01 02:38:50 error: UnauthorizedError: Invalid credentials
    at start (/home/furi/Development/broland-api/src/api/components/server/controller.js:24:10)
    at Layer.handle [as handle_request] (/home/furi/Development/broland-api/node_modules/express/lib/router/layer.js:95:5)
    at next (/home/furi/Development/broland-api/node_modules/express/lib/router/route.js:137:13)
    at Object.<anonymous> (/home/furi/Development/broland-api/node_modules/express-validator/src/middlewares/check.js:23:13)
    at Generator.next (<anonymous>)
    at fulfilled (/home/furi/Development/broland-api/node_modules/express-validator/src/middlewares/check.js:4:58)
    at processTicksAndRejections (internal/process/task_queues.js:85:5)
2019-09-01 02:39:55 error: Error: EIO: i/o error, write
    at writeSync (fs.js:588:3)
    at SyncWriteStream._write (internal/fs/sync_write_stream.js:22:3)
    at doWrite (_stream_writable.js:417:12)
    at writeOrBuffer (_stream_writable.js:401:5)
    at SyncWriteStream.Writable.write (_stream_writable.js:301:11)
    at Console.log (/home/furi/Development/broland-api/node_modules/winston/lib/winston/transports/console.js:79:23)
    at Console._write (/home/furi/Development/broland-api/node_modules/winston-transport/index.js:102:17)
    at doWrite (/home/furi/Development/broland-api/node_modules/winston-transport/node_modules/readable-stream/lib/_stream_writable.js:428:64)
    at writeOrBuffer (/home/furi/Development/broland-api/node_modules/winston-transport/node_modules/readable-stream/lib/_stream_writable.js:417:5)
    at Console.Writable.write (/home/furi/Development/broland-api/node_modules/winston-transport/node_modules/readable-stream/lib/_stream_writable.js:334:11)
